<?xml version="1.0" encoding="UTF-8"?>
<!-- Generated by org.testng.reporters.JUnitReportReporter -->
<testsuite hostname="DESKTOP-S3FLF3O" failures="0" tests="1" name="Auothintication.SpecBuilderClass" time="3.142" errors="0" timestamp="2024-04-11T13:56:57 IST" skipped="0">
  <testcase classname="Auothintication.SpecBuilderClass" name="getData" time="3.142"/>
</testsuite> <!-- Auothintication.SpecBuilderClass -->
