<?xml version="1.0" encoding="UTF-8"?>
<!-- Generated by org.testng.reporters.JUnitReportReporter -->
<testsuite hostname="DESKTOP-S3FLF3O" failures="0" tests="1" name="Auothintication.Serielisation" time="2.076" errors="0" timestamp="2024-04-11T14:02:33 IST" skipped="0">
  <testcase classname="Auothintication.Serielisation" name="getData" time="2.076"/>
</testsuite> <!-- Auothintication.Serielisation -->
